2025-06-16 16:10:25,574 - INFO - FarmDeviceExecutor - 🤖 UIAutomator2 is available - will be used as primary tap method
2025-06-16 16:10:25,574 - INFO - FarmDeviceExecutor - 🚀 Starting Farm Device Manager...
2025-06-16 16:10:25,574 - INFO - FarmDeviceExecutor - 🔍 Discovering connected devices...
2025-06-16 16:10:25,577 - INFO - FarmDeviceExecutor - 📱 Discovered 3 device(s): ['emulator-5554', 'emulator-5556', 'emulator-5558']
2025-06-16 16:10:34,764 - INFO - FarmDeviceExecutor - 🚫 Excluded master device from farm: emulator-5554
2025-06-16 16:10:34,859 - INFO - FarmDeviceExecutor - 📱 Device Info - emulator-5556: sdk_gphone_x86_64 (Android 11, 1440x3120)
2025-06-16 16:10:34,859 - INFO - FarmDeviceExecutor - 🤖 Initializing UIAutomator2 for emulator-5556
2025-06-16 16:10:35,684 - INFO - FarmDeviceExecutor - ✅ UIAutomator2 connected to emulator-5556: sdk_gphone_x86_64 (1440x3120)
2025-06-16 16:10:35,684 - INFO - FarmDeviceExecutor - 🤖 UIAutomator2 initialized for emulator-5556
2025-06-16 16:10:35,685 - INFO - FarmDeviceExecutor - 🔌 Connecting to central server (attempt 1/5)
2025-06-16 16:10:35,696 - INFO - FarmDeviceExecutor - ✅ Connected to central server: ws://127.0.0.1:8765/farm
2025-06-16 16:10:35,696 - INFO - FarmDeviceExecutor - 📤 Sent device info for emulator-5556: sdk_gphone_x86_64
2025-06-16 16:10:35,696 - INFO - FarmDeviceExecutor - 🤖 emulator-5556: Ready to receive actions
2025-06-16 16:10:35,731 - INFO - FarmDeviceExecutor - 📱 Device Info - emulator-5558: sdk_gphone_x86_64 (Android 11, 1440x3120)
2025-06-16 16:10:35,731 - INFO - FarmDeviceExecutor - 🤖 Initializing UIAutomator2 for emulator-5558
2025-06-16 16:10:36,513 - INFO - FarmDeviceExecutor - ✅ UIAutomator2 connected to emulator-5558: sdk_gphone_x86_64 (1440x3120)
2025-06-16 16:10:36,513 - INFO - FarmDeviceExecutor - 🤖 UIAutomator2 initialized for emulator-5558
2025-06-16 16:10:36,513 - INFO - FarmDeviceExecutor - 🎯 Managing 2 farm device(s)
2025-06-16 16:10:36,514 - INFO - FarmDeviceExecutor - 🔌 Connecting to central server (attempt 1/5)
2025-06-16 16:10:36,514 - INFO - FarmDeviceExecutor - 🔍 Discovering connected devices...
2025-06-16 16:10:36,517 - INFO - FarmDeviceExecutor - ✅ Connected to central server: ws://127.0.0.1:8765/farm
2025-06-16 16:10:36,518 - INFO - FarmDeviceExecutor - 📤 Sent device info for emulator-5558: sdk_gphone_x86_64
2025-06-16 16:10:36,518 - INFO - FarmDeviceExecutor - 🤖 emulator-5558: Ready to receive actions
2025-06-16 16:10:36,519 - INFO - FarmDeviceExecutor - 📱 Discovered 3 device(s): ['emulator-5554', 'emulator-5556', 'emulator-5558']
2025-06-16 16:10:39,596 - INFO - FarmDeviceExecutor - 📏 emulator-5556: Updated master resolution: {'width': 1080, 'height': 2400, 'input_x_max': 206695, 'input_y_max': 206695}
2025-06-16 16:10:39,596 - INFO - FarmDeviceExecutor - 📏 emulator-5558: Updated master resolution: {'width': 1080, 'height': 2400, 'input_x_max': 206695, 'input_y_max': 206695}
2025-06-16 16:10:39,646 - INFO - FarmDeviceExecutor - emulator-5556: Received action: {'action': 'tap_release', 'x': 25333, 'y': 31565, 'device_path': '/dev/input/event2'}
2025-06-16 16:10:39,646 - INFO - FarmDeviceExecutor - 🔧 emulator-5556: Trying tap method 1/4: uiautomator2 at (176, 476)
2025-06-16 16:10:40,193 - INFO - FarmDeviceExecutor - emulator-5558: Received action: {'action': 'tap_release', 'x': 25333, 'y': 31565, 'device_path': '/dev/input/event2'}
2025-06-16 16:10:40,193 - INFO - FarmDeviceExecutor - 🔧 emulator-5558: Trying tap method 1/4: uiautomator2 at (176, 476)
2025-06-16 16:10:41,717 - INFO - FarmDeviceExecutor - ✅ emulator-5556: UIAutomator2 tap executed and device responsive at (176, 476)
2025-06-16 16:10:41,717 - INFO - FarmDeviceExecutor - ✅ emulator-5556: Tap successful using uiautomator2 at (176, 476)
2025-06-16 16:10:41,895 - INFO - FarmDeviceExecutor - ✅ emulator-5558: UIAutomator2 tap executed and device responsive at (176, 476)
2025-06-16 16:10:41,895 - INFO - FarmDeviceExecutor - ✅ emulator-5558: Tap successful using uiautomator2 at (176, 476)
2025-06-16 16:10:46,524 - INFO - FarmDeviceExecutor - 🔍 Discovering connected devices...
2025-06-16 16:10:46,545 - INFO - FarmDeviceExecutor - 📱 Discovered 3 device(s): ['emulator-5554', 'emulator-5556', 'emulator-5558']
2025-06-16 16:10:53,758 - INFO - FarmDeviceExecutor - emulator-5556: Received action: {'action': 'tap_release', 'x': 21844, 'y': 0, 'device_path': '/dev/input/event2'}
2025-06-16 16:10:53,760 - INFO - FarmDeviceExecutor - 🔧 emulator-5556: Trying tap method 1/4: uiautomator2 at (152, 0)
2025-06-16 16:10:54,478 - INFO - FarmDeviceExecutor - emulator-5558: Received action: {'action': 'tap_release', 'x': 21844, 'y': 0, 'device_path': '/dev/input/event2'}
2025-06-16 16:10:54,479 - INFO - FarmDeviceExecutor - 🔧 emulator-5558: Trying tap method 1/4: uiautomator2 at (152, 0)
2025-06-16 16:10:55,601 - INFO - FarmDeviceExecutor - ✅ emulator-5556: UIAutomator2 tap executed and device responsive at (152, 0)
2025-06-16 16:10:55,601 - INFO - FarmDeviceExecutor - ✅ emulator-5556: Tap successful using uiautomator2 at (152, 0)
2025-06-16 16:10:55,829 - INFO - FarmDeviceExecutor - ✅ emulator-5558: UIAutomator2 tap executed and device responsive at (152, 0)
2025-06-16 16:10:55,830 - INFO - FarmDeviceExecutor - ✅ emulator-5558: Tap successful using uiautomator2 at (152, 0)
2025-06-16 16:10:56,551 - INFO - FarmDeviceExecutor - 🔍 Discovering connected devices...
2025-06-16 16:10:56,556 - INFO - FarmDeviceExecutor - 📱 Discovered 3 device(s): ['emulator-5554', 'emulator-5556', 'emulator-5558']
2025-06-16 16:11:06,556 - INFO - FarmDeviceExecutor - 🔍 Discovering connected devices...
2025-06-16 16:11:06,560 - INFO - FarmDeviceExecutor - 📱 Discovered 3 device(s): ['emulator-5554', 'emulator-5556', 'emulator-5558']
2025-06-16 16:11:10,579 - INFO - FarmDeviceExecutor - emulator-5556: Received action: {'action': 'tap_release', 'x': 22330, 'y': 25790, 'device_path': '/dev/input/event2'}
2025-06-16 16:11:10,579 - INFO - FarmDeviceExecutor - 🔧 emulator-5556: Trying tap method 1/4: uiautomator2 at (155, 389)
2025-06-16 16:11:10,973 - INFO - FarmDeviceExecutor - emulator-5558: Received action: {'action': 'tap_release', 'x': 22330, 'y': 25790, 'device_path': '/dev/input/event2'}
2025-06-16 16:11:10,973 - INFO - FarmDeviceExecutor - 🔧 emulator-5558: Trying tap method 1/4: uiautomator2 at (155, 389)
2025-06-16 16:11:11,881 - INFO - FarmDeviceExecutor - ✅ emulator-5556: UIAutomator2 tap executed and device responsive at (155, 389)
2025-06-16 16:11:11,881 - INFO - FarmDeviceExecutor - ✅ emulator-5556: Tap successful using uiautomator2 at (155, 389)
2025-06-16 16:11:12,063 - INFO - FarmDeviceExecutor - ✅ emulator-5558: UIAutomator2 tap executed and device responsive at (155, 389)
2025-06-16 16:11:12,064 - INFO - FarmDeviceExecutor - ✅ emulator-5558: Tap successful using uiautomator2 at (155, 389)
2025-06-16 16:11:16,561 - INFO - FarmDeviceExecutor - 🔍 Discovering connected devices...
2025-06-16 16:11:16,568 - INFO - FarmDeviceExecutor - 📱 Discovered 3 device(s): ['emulator-5554', 'emulator-5556', 'emulator-5558']
2025-06-16 16:11:24,902 - INFO - FarmDeviceExecutor - emulator-5556: Received action: {'action': 'tap_release', 'x': 25819, 'y': 31961, 'device_path': '/dev/input/event2'}
2025-06-16 16:11:24,902 - INFO - FarmDeviceExecutor - 🔧 emulator-5556: Trying tap method 1/4: uiautomator2 at (179, 482)
2025-06-16 16:11:25,298 - INFO - FarmDeviceExecutor - emulator-5558: Received action: {'action': 'tap_release', 'x': 25819, 'y': 31961, 'device_path': '/dev/input/event2'}
2025-06-16 16:11:25,304 - INFO - FarmDeviceExecutor - 🔧 emulator-5558: Trying tap method 1/4: uiautomator2 at (179, 482)
2025-06-16 16:11:26,373 - INFO - FarmDeviceExecutor - ✅ emulator-5556: UIAutomator2 tap executed and device responsive at (179, 482)
2025-06-16 16:11:26,374 - INFO - FarmDeviceExecutor - ✅ emulator-5556: Tap successful using uiautomator2 at (179, 482)
2025-06-16 16:11:26,530 - INFO - FarmDeviceExecutor - ✅ emulator-5558: UIAutomator2 tap executed and device responsive at (179, 482)
2025-06-16 16:11:26,530 - INFO - FarmDeviceExecutor - ✅ emulator-5558: Tap successful using uiautomator2 at (179, 482)
2025-06-16 16:11:26,570 - INFO - FarmDeviceExecutor - 🔍 Discovering connected devices...
2025-06-16 16:11:26,573 - INFO - FarmDeviceExecutor - 📱 Discovered 3 device(s): ['emulator-5554', 'emulator-5556', 'emulator-5558']
2025-06-16 16:11:26,956 - INFO - FarmDeviceExecutor - emulator-5556: Received action: {'action': 'tap_release', 'x': 22906, 'y': 2894, 'device_path': '/dev/input/event2'}
2025-06-16 16:11:26,957 - INFO - FarmDeviceExecutor - 🔧 emulator-5556: Trying tap method 1/4: uiautomator2 at (159, 43)
2025-06-16 16:11:27,396 - INFO - FarmDeviceExecutor - emulator-5558: Received action: {'action': 'tap_release', 'x': 22906, 'y': 2894, 'device_path': '/dev/input/event2'}
2025-06-16 16:11:27,397 - INFO - FarmDeviceExecutor - 🔧 emulator-5558: Trying tap method 1/4: uiautomator2 at (159, 43)
2025-06-16 16:11:28,159 - INFO - FarmDeviceExecutor - ✅ emulator-5556: UIAutomator2 tap executed and device responsive at (159, 43)
2025-06-16 16:11:28,159 - INFO - FarmDeviceExecutor - ✅ emulator-5556: Tap successful using uiautomator2 at (159, 43)
2025-06-16 16:11:28,416 - INFO - FarmDeviceExecutor - ✅ emulator-5558: UIAutomator2 tap executed and device responsive at (159, 43)
2025-06-16 16:11:28,417 - INFO - FarmDeviceExecutor - ✅ emulator-5558: Tap successful using uiautomator2 at (159, 43)
2025-06-16 16:12:27,342 - INFO - FarmDeviceExecutor - 🚀 Starting Farm Device Manager...
2025-06-16 16:12:27,342 - INFO - FarmDeviceExecutor - 🔍 Discovering connected devices...
2025-06-16 16:12:27,344 - INFO - FarmDeviceExecutor - 📱 Discovered 3 device(s): ['emulator-5554', 'emulator-5556', 'emulator-5558']
2025-06-16 16:12:33,799 - INFO - FarmDeviceExecutor - 🚫 Excluded master device from farm: emulator-5554
2025-06-16 16:12:33,894 - INFO - FarmDeviceExecutor - 📱 Device Info - emulator-5556: sdk_gphone_x86_64 (Android 11, 1440x3120)
2025-06-16 16:12:33,896 - INFO - FarmDeviceExecutor - 🔌 Connecting to central server (attempt 1/5)
2025-06-16 16:12:33,947 - INFO - FarmDeviceExecutor - ✅ Connected to central server: ws://127.0.0.1:8765/farm
2025-06-16 16:12:33,948 - INFO - FarmDeviceExecutor - 📤 Sent device info for emulator-5556: sdk_gphone_x86_64
2025-06-16 16:12:33,948 - INFO - FarmDeviceExecutor - 🤖 emulator-5556: Ready to receive actions
2025-06-16 16:12:33,983 - INFO - FarmDeviceExecutor - 📱 Device Info - emulator-5558: sdk_gphone_x86_64 (Android 11, 1440x3120)
2025-06-16 16:12:33,983 - INFO - FarmDeviceExecutor - 🎯 Managing 2 farm device(s)
2025-06-16 16:12:33,983 - INFO - FarmDeviceExecutor - 🔌 Connecting to central server (attempt 1/5)
2025-06-16 16:12:33,984 - INFO - FarmDeviceExecutor - 🔍 Discovering connected devices...
2025-06-16 16:12:33,991 - INFO - FarmDeviceExecutor - ✅ Connected to central server: ws://127.0.0.1:8765/farm
2025-06-16 16:12:33,992 - INFO - FarmDeviceExecutor - 📤 Sent device info for emulator-5558: sdk_gphone_x86_64
2025-06-16 16:12:33,992 - INFO - FarmDeviceExecutor - 🤖 emulator-5558: Ready to receive actions
2025-06-16 16:12:33,993 - INFO - FarmDeviceExecutor - 📱 Discovered 3 device(s): ['emulator-5554', 'emulator-5556', 'emulator-5558']
2025-06-16 16:12:39,966 - INFO - FarmDeviceExecutor - emulator-5556: Received action: {'action': 'master_resolution_update', 'resolution': {'width': 1080, 'height': 2400, 'input_x_max': 32767, 'input_y_max': 32767}}
2025-06-16 16:12:39,966 - INFO - FarmDeviceExecutor - emulator-5556: Received master resolution update: 1080x2400
2025-06-16 16:12:39,967 - INFO - FarmDeviceExecutor - emulator-5558: Received action: {'action': 'master_resolution_update', 'resolution': {'width': 1080, 'height': 2400, 'input_x_max': 32767, 'input_y_max': 32767}}
2025-06-16 16:12:39,967 - INFO - FarmDeviceExecutor - emulator-5558: Received master resolution update: 1080x2400
2025-06-16 16:12:40,015 - INFO - FarmDeviceExecutor - emulator-5556: Received action: {'action': 'tap_release', 'x': 22512, 'y': 25653, 'device_path': '/dev/input/event2'}
2025-06-16 16:12:40,017 - INFO - FarmDeviceExecutor - emulator-5558: Received action: {'action': 'tap_release', 'x': 22512, 'y': 25653, 'device_path': '/dev/input/event2'}
2025-06-16 16:12:40,776 - INFO - FarmDeviceExecutor - ✅ emulator-5556: Executed tap at (989, 2442)
2025-06-16 16:12:40,948 - INFO - FarmDeviceExecutor - ✅ emulator-5558: Executed tap at (989, 2442)
2025-06-16 16:12:43,997 - INFO - FarmDeviceExecutor - 🔍 Discovering connected devices...
2025-06-16 16:12:44,010 - INFO - FarmDeviceExecutor - 📱 Discovered 3 device(s): ['emulator-5554', 'emulator-5556', 'emulator-5558']
2025-06-16 16:12:54,011 - INFO - FarmDeviceExecutor - 🔍 Discovering connected devices...
2025-06-16 16:12:54,019 - INFO - FarmDeviceExecutor - 📱 Discovered 3 device(s): ['emulator-5554', 'emulator-5556', 'emulator-5558']
2025-06-16 16:12:58,348 - INFO - FarmDeviceExecutor - emulator-5556: Received action: {'action': 'tap_release', 'x': 25394, 'y': 5720, 'device_path': '/dev/input/event2'}
2025-06-16 16:12:58,349 - INFO - FarmDeviceExecutor - emulator-5558: Received action: {'action': 'tap_release', 'x': 25394, 'y': 5720, 'device_path': '/dev/input/event2'}
2025-06-16 16:12:59,106 - INFO - FarmDeviceExecutor - ✅ emulator-5558: Executed tap at (1115, 544)
2025-06-16 16:12:59,142 - INFO - FarmDeviceExecutor - ✅ emulator-5556: Executed tap at (1115, 544)
2025-06-16 16:13:02,490 - INFO - FarmDeviceExecutor - emulator-5556: Received action: {'action': 'tap_release', 'x': 2245, 'y': 3618, 'device_path': '/dev/input/event2'}
2025-06-16 16:13:02,492 - INFO - FarmDeviceExecutor - emulator-5558: Received action: {'action': 'tap_release', 'x': 2245, 'y': 3618, 'device_path': '/dev/input/event2'}
2025-06-16 16:13:03,425 - INFO - FarmDeviceExecutor - ✅ emulator-5556: Executed tap at (98, 344)
2025-06-16 16:13:03,435 - INFO - FarmDeviceExecutor - ✅ emulator-5558: Executed tap at (98, 344)
2025-06-16 16:13:04,020 - INFO - FarmDeviceExecutor - 🔍 Discovering connected devices...
2025-06-16 16:13:04,024 - INFO - FarmDeviceExecutor - 📱 Discovered 3 device(s): ['emulator-5554', 'emulator-5556', 'emulator-5558']
2025-06-16 16:13:14,025 - INFO - FarmDeviceExecutor - 🔍 Discovering connected devices...
2025-06-16 16:13:14,031 - INFO - FarmDeviceExecutor - 📱 Discovered 3 device(s): ['emulator-5554', 'emulator-5556', 'emulator-5558']
2025-06-17 09:55:59,687 - INFO - FarmDeviceExecutor - 🚀 Starting Farm Device Manager...
2025-06-17 09:55:59,687 - INFO - FarmDeviceExecutor - 🔍 Discovering connected devices...
2025-06-17 09:55:59,690 - INFO - FarmDeviceExecutor - 📱 Discovered 3 device(s): ['emulator-5554', 'emulator-5556', 'emulator-5558']
2025-06-17 09:56:08,374 - INFO - FarmDeviceExecutor - 🚫 Excluded master device from farm: emulator-5554
2025-06-17 09:56:08,493 - INFO - FarmDeviceExecutor - 📱 Device Info - emulator-5556: sdk_gphone_x86_64 (Android 11, 1440x3120)
2025-06-17 09:56:08,494 - INFO - FarmDeviceExecutor - 🔌 Connecting to central server (attempt 1/5)
2025-06-17 09:56:08,513 - INFO - FarmDeviceExecutor - ✅ Connected to central server: ws://127.0.0.1:8765/farm
2025-06-17 09:56:08,513 - INFO - FarmDeviceExecutor - 📤 Sent device info for emulator-5556: sdk_gphone_x86_64
2025-06-17 09:56:08,514 - INFO - FarmDeviceExecutor - 🤖 emulator-5556: Ready to receive actions
2025-06-17 09:56:08,556 - INFO - FarmDeviceExecutor - 📱 Device Info - emulator-5558: sdk_gphone_x86_64 (Android 11, 1440x3120)
2025-06-17 09:56:08,557 - INFO - FarmDeviceExecutor - 🎯 Managing 2 farm device(s)
2025-06-17 09:56:08,557 - INFO - FarmDeviceExecutor - 🔌 Connecting to central server (attempt 1/5)
2025-06-17 09:56:08,557 - INFO - FarmDeviceExecutor - 🔍 Discovering connected devices...
2025-06-17 09:56:08,560 - INFO - FarmDeviceExecutor - ✅ Connected to central server: ws://127.0.0.1:8765/farm
2025-06-17 09:56:08,560 - INFO - FarmDeviceExecutor - 📤 Sent device info for emulator-5558: sdk_gphone_x86_64
2025-06-17 09:56:08,561 - INFO - FarmDeviceExecutor - 🤖 emulator-5558: Ready to receive actions
2025-06-17 09:56:08,561 - INFO - FarmDeviceExecutor - 📱 Discovered 3 device(s): ['emulator-5554', 'emulator-5556', 'emulator-5558']
2025-06-17 09:56:14,192 - INFO - FarmDeviceExecutor - emulator-5556: Received action: {'action': 'master_resolution_update', 'resolution': {'width': 1080, 'height': 2400, 'input_x_max': 32767, 'input_y_max': 32767}}
2025-06-17 09:56:14,192 - INFO - FarmDeviceExecutor - emulator-5556: Received master resolution update: 1080x2400
2025-06-17 09:56:14,192 - INFO - FarmDeviceExecutor - emulator-5558: Received action: {'action': 'master_resolution_update', 'resolution': {'width': 1080, 'height': 2400, 'input_x_max': 32767, 'input_y_max': 32767}}
2025-06-17 09:56:14,192 - INFO - FarmDeviceExecutor - emulator-5558: Received master resolution update: 1080x2400
2025-06-17 09:56:14,221 - INFO - FarmDeviceExecutor - emulator-5556: Received action: {'action': 'tap_release', 'x': 25242, 'y': 31852, 'device_path': '/dev/input/event2'}
2025-06-17 09:56:14,223 - INFO - FarmDeviceExecutor - emulator-5558: Received action: {'action': 'tap_release', 'x': 25242, 'y': 31852, 'device_path': '/dev/input/event2'}
2025-06-17 09:56:15,019 - INFO - FarmDeviceExecutor - ✅ emulator-5556: Executed tap at (1109, 3032)
2025-06-17 09:56:15,148 - INFO - FarmDeviceExecutor - ✅ emulator-5558: Executed tap at (1109, 3032)
2025-06-17 09:56:18,319 - INFO - FarmDeviceExecutor - emulator-5556: Received action: {'action': 'tap_release', 'x': 8859, 'y': 0, 'device_path': '/dev/input/event2'}
2025-06-17 09:56:18,320 - INFO - FarmDeviceExecutor - emulator-5558: Received action: {'action': 'tap_release', 'x': 8859, 'y': 0, 'device_path': '/dev/input/event2'}
2025-06-17 09:56:18,562 - INFO - FarmDeviceExecutor - 🔍 Discovering connected devices...
2025-06-17 09:56:18,567 - INFO - FarmDeviceExecutor - 📱 Discovered 3 device(s): ['emulator-5554', 'emulator-5556', 'emulator-5558']
2025-06-17 09:56:18,950 - INFO - FarmDeviceExecutor - ✅ emulator-5558: Executed tap at (389, 0)
2025-06-17 09:56:19,060 - INFO - FarmDeviceExecutor - ✅ emulator-5556: Executed tap at (389, 0)
2025-06-17 09:56:28,568 - INFO - FarmDeviceExecutor - 🔍 Discovering connected devices...
2025-06-17 09:56:28,575 - INFO - FarmDeviceExecutor - 📱 Discovered 3 device(s): ['emulator-5554', 'emulator-5556', 'emulator-5558']
2025-06-17 09:56:38,577 - INFO - FarmDeviceExecutor - 🔍 Discovering connected devices...
2025-06-17 09:56:38,583 - INFO - FarmDeviceExecutor - 📱 Discovered 3 device(s): ['emulator-5554', 'emulator-5556', 'emulator-5558']
2025-06-17 09:56:48,584 - INFO - FarmDeviceExecutor - 🔍 Discovering connected devices...
2025-06-17 09:56:48,592 - INFO - FarmDeviceExecutor - 📱 Discovered 3 device(s): ['emulator-5554', 'emulator-5556', 'emulator-5558']
2025-06-17 09:56:58,602 - INFO - FarmDeviceExecutor - 🔍 Discovering connected devices...
2025-06-17 09:56:58,610 - INFO - FarmDeviceExecutor - 📱 Discovered 3 device(s): ['emulator-5554', 'emulator-5556', 'emulator-5558']
2025-06-17 09:57:08,611 - INFO - FarmDeviceExecutor - 🔍 Discovering connected devices...
2025-06-17 09:57:08,614 - INFO - FarmDeviceExecutor - 📱 Discovered 3 device(s): ['emulator-5554', 'emulator-5556', 'emulator-5558']
2025-06-17 09:57:18,624 - INFO - FarmDeviceExecutor - 🔍 Discovering connected devices...
2025-06-17 09:57:18,631 - INFO - FarmDeviceExecutor - 📱 Discovered 3 device(s): ['emulator-5554', 'emulator-5556', 'emulator-5558']
2025-06-17 09:57:28,633 - WARNING - FarmDeviceExecutor - ⚠️ emulator-5556: No activity for 69 seconds
2025-06-17 09:57:28,633 - WARNING - FarmDeviceExecutor - ⚠️ emulator-5558: No activity for 69 seconds
2025-06-17 09:57:28,633 - INFO - FarmDeviceExecutor - 🔍 Discovering connected devices...
2025-06-17 09:57:28,641 - INFO - FarmDeviceExecutor - 📱 Discovered 3 device(s): ['emulator-5554', 'emulator-5556', 'emulator-5558']
2025-06-17 09:57:31,911 - INFO - FarmDeviceExecutor - emulator-5556: Received action: {'action': 'tap_release', 'x': 22269, 'y': 25831, 'device_path': '/dev/input/event2'}
2025-06-17 09:57:31,913 - INFO - FarmDeviceExecutor - emulator-5558: Received action: {'action': 'tap_release', 'x': 22269, 'y': 25831, 'device_path': '/dev/input/event2'}
2025-06-17 09:57:32,577 - INFO - FarmDeviceExecutor - ✅ emulator-5556: Executed tap at (978, 2459)
2025-06-17 09:57:32,728 - INFO - FarmDeviceExecutor - ✅ emulator-5558: Executed tap at (978, 2459)
2025-06-17 09:57:37,685 - INFO - FarmDeviceExecutor - emulator-5556: Received action: {'action': 'tap_release', 'x': 11620, 'y': 2020, 'device_path': '/dev/input/event2'}
2025-06-17 09:57:37,686 - INFO - FarmDeviceExecutor - emulator-5558: Received action: {'action': 'tap_release', 'x': 11620, 'y': 2020, 'device_path': '/dev/input/event2'}
2025-06-17 09:57:38,398 - INFO - FarmDeviceExecutor - ✅ emulator-5558: Executed tap at (510, 192)
2025-06-17 09:57:38,540 - INFO - FarmDeviceExecutor - ✅ emulator-5556: Executed tap at (510, 192)
2025-06-17 09:57:38,642 - INFO - FarmDeviceExecutor - 🔍 Discovering connected devices...
2025-06-17 09:57:38,646 - INFO - FarmDeviceExecutor - 📱 Discovered 3 device(s): ['emulator-5554', 'emulator-5556', 'emulator-5558']
2025-06-17 09:57:40,596 - INFO - FarmDeviceExecutor - emulator-5556: Received action: {'action': 'tap_release', 'x': 3064, 'y': 25763, 'device_path': '/dev/input/event2'}
2025-06-17 09:57:40,603 - INFO - FarmDeviceExecutor - emulator-5558: Received action: {'action': 'tap_release', 'x': 3064, 'y': 25763, 'device_path': '/dev/input/event2'}
2025-06-17 09:57:41,707 - INFO - FarmDeviceExecutor - ✅ emulator-5556: Executed tap at (134, 2453)
2025-06-17 09:57:41,707 - INFO - FarmDeviceExecutor - emulator-5556: Received action: {'action': 'tap_release', 'x': 24120, 'y': 23319, 'device_path': '/dev/input/event2'}
2025-06-17 09:57:42,071 - INFO - FarmDeviceExecutor - ✅ emulator-5558: Executed tap at (134, 2453)
2025-06-17 09:57:42,072 - INFO - FarmDeviceExecutor - emulator-5558: Received action: {'action': 'tap_release', 'x': 24120, 'y': 23319, 'device_path': '/dev/input/event2'}
2025-06-17 09:57:42,487 - INFO - FarmDeviceExecutor - ✅ emulator-5556: Executed tap at (1059, 2220)
2025-06-17 09:57:42,549 - INFO - FarmDeviceExecutor - emulator-5556: Received action: {'action': 'tap_release', 'x': 15473, 'y': 29531, 'device_path': '/dev/input/event2'}
2025-06-17 09:57:42,726 - INFO - FarmDeviceExecutor - ✅ emulator-5558: Executed tap at (1059, 2220)
2025-06-17 09:57:42,727 - INFO - FarmDeviceExecutor - emulator-5558: Received action: {'action': 'tap_release', 'x': 15473, 'y': 29531, 'device_path': '/dev/input/event2'}
2025-06-17 09:57:43,263 - INFO - FarmDeviceExecutor - ✅ emulator-5556: Executed tap at (679, 2811)
2025-06-17 09:57:43,303 - INFO - FarmDeviceExecutor - ✅ emulator-5558: Executed tap at (679, 2811)
2025-06-17 09:57:43,419 - INFO - FarmDeviceExecutor - emulator-5556: Received action: {'action': 'tap_release', 'x': 14593, 'y': 23141, 'device_path': '/dev/input/event2'}
2025-06-17 09:57:43,423 - INFO - FarmDeviceExecutor - emulator-5558: Received action: {'action': 'tap_release', 'x': 14593, 'y': 23141, 'device_path': '/dev/input/event2'}
2025-06-17 09:57:44,026 - INFO - FarmDeviceExecutor - ✅ emulator-5556: Executed tap at (641, 2203)
2025-06-17 09:57:44,067 - INFO - FarmDeviceExecutor - ✅ emulator-5558: Executed tap at (641, 2203)
2025-06-17 09:57:48,648 - INFO - FarmDeviceExecutor - 🔍 Discovering connected devices...
2025-06-17 09:57:48,654 - INFO - FarmDeviceExecutor - 📱 Discovered 3 device(s): ['emulator-5554', 'emulator-5556', 'emulator-5558']
2025-06-17 09:57:58,664 - INFO - FarmDeviceExecutor - 🔍 Discovering connected devices...
2025-06-17 09:57:58,672 - INFO - FarmDeviceExecutor - 📱 Discovered 3 device(s): ['emulator-5554', 'emulator-5556', 'emulator-5558']
2025-06-17 09:58:08,673 - INFO - FarmDeviceExecutor - 🔍 Discovering connected devices...
2025-06-17 09:58:08,677 - INFO - FarmDeviceExecutor - 📱 Discovered 3 device(s): ['emulator-5554', 'emulator-5556', 'emulator-5558']
2025-06-17 09:58:18,685 - INFO - FarmDeviceExecutor - 🔍 Discovering connected devices...
2025-06-17 09:58:18,691 - INFO - FarmDeviceExecutor - 📱 Discovered 3 device(s): ['emulator-5554', 'emulator-5556', 'emulator-5558']
2025-06-17 09:58:28,693 - INFO - FarmDeviceExecutor - 🔍 Discovering connected devices...
2025-06-17 09:58:28,700 - INFO - FarmDeviceExecutor - 📱 Discovered 3 device(s): ['emulator-5554', 'emulator-5556', 'emulator-5558']
2025-06-17 09:58:38,700 - INFO - FarmDeviceExecutor - 🔍 Discovering connected devices...
2025-06-17 09:58:38,704 - INFO - FarmDeviceExecutor - 📱 Discovered 3 device(s): ['emulator-5554', 'emulator-5556', 'emulator-5558']
2025-06-17 09:58:48,706 - WARNING - FarmDeviceExecutor - ⚠️ emulator-5556: No activity for 64 seconds
2025-06-17 09:58:48,707 - WARNING - FarmDeviceExecutor - ⚠️ emulator-5558: No activity for 64 seconds
2025-06-17 09:58:48,707 - INFO - FarmDeviceExecutor - 🔍 Discovering connected devices...
2025-06-17 09:58:48,714 - INFO - FarmDeviceExecutor - 📱 Discovered 3 device(s): ['emulator-5554', 'emulator-5556', 'emulator-5558']
2025-06-17 09:58:58,725 - WARNING - FarmDeviceExecutor - ⚠️ emulator-5556: No activity for 74 seconds
2025-06-17 09:58:58,725 - WARNING - FarmDeviceExecutor - ⚠️ emulator-5558: No activity for 74 seconds
2025-06-17 09:58:58,726 - INFO - FarmDeviceExecutor - 🔍 Discovering connected devices...
2025-06-17 09:58:58,733 - INFO - FarmDeviceExecutor - 📱 Discovered 3 device(s): ['emulator-5554', 'emulator-5556', 'emulator-5558']
2025-06-17 09:59:08,734 - WARNING - FarmDeviceExecutor - ⚠️ emulator-5556: No activity for 84 seconds
2025-06-17 09:59:08,734 - WARNING - FarmDeviceExecutor - ⚠️ emulator-5558: No activity for 84 seconds
2025-06-17 09:59:08,735 - INFO - FarmDeviceExecutor - 🔍 Discovering connected devices...
2025-06-17 09:59:08,741 - INFO - FarmDeviceExecutor - 📱 Discovered 3 device(s): ['emulator-5554', 'emulator-5556', 'emulator-5558']
2025-06-17 09:59:18,752 - WARNING - FarmDeviceExecutor - ⚠️ emulator-5556: No activity for 94 seconds
2025-06-17 09:59:18,752 - WARNING - FarmDeviceExecutor - ⚠️ emulator-5558: No activity for 94 seconds
2025-06-17 09:59:18,753 - INFO - FarmDeviceExecutor - 🔍 Discovering connected devices...
2025-06-17 09:59:18,759 - INFO - FarmDeviceExecutor - 📱 Discovered 3 device(s): ['emulator-5554', 'emulator-5556', 'emulator-5558']
2025-06-17 09:59:28,761 - WARNING - FarmDeviceExecutor - ⚠️ emulator-5556: No activity for 104 seconds
2025-06-17 09:59:28,761 - WARNING - FarmDeviceExecutor - ⚠️ emulator-5558: No activity for 104 seconds
2025-06-17 09:59:28,761 - INFO - FarmDeviceExecutor - 🔍 Discovering connected devices...
2025-06-17 09:59:28,767 - INFO - FarmDeviceExecutor - 📱 Discovered 3 device(s): ['emulator-5554', 'emulator-5556', 'emulator-5558']
2025-06-17 09:59:29,914 - INFO - FarmDeviceExecutor - emulator-5556: Received action: {'action': 'tap_release', 'x': 30006, 'y': 2129, 'device_path': '/dev/input/event2'}
2025-06-17 09:59:29,916 - INFO - FarmDeviceExecutor - emulator-5558: Received action: {'action': 'tap_release', 'x': 30006, 'y': 2129, 'device_path': '/dev/input/event2'}
2025-06-17 09:59:30,542 - INFO - FarmDeviceExecutor - ✅ emulator-5558: Executed tap at (1318, 202)
2025-06-17 09:59:30,573 - INFO - FarmDeviceExecutor - ✅ emulator-5556: Executed tap at (1318, 202)
2025-06-17 09:59:32,085 - INFO - FarmDeviceExecutor - emulator-5556: Received action: {'action': 'tap_release', 'x': 16535, 'y': 31920, 'device_path': '/dev/input/event2'}
2025-06-17 09:59:32,086 - INFO - FarmDeviceExecutor - emulator-5558: Received action: {'action': 'tap_release', 'x': 16535, 'y': 31920, 'device_path': '/dev/input/event2'}
2025-06-17 09:59:32,880 - INFO - FarmDeviceExecutor - ✅ emulator-5556: Executed tap at (726, 3039)
2025-06-17 09:59:32,967 - INFO - FarmDeviceExecutor - ✅ emulator-5558: Executed tap at (726, 3039)
2025-06-17 09:59:38,768 - INFO - FarmDeviceExecutor - 🔍 Discovering connected devices...
2025-06-17 09:59:38,775 - INFO - FarmDeviceExecutor - 📱 Discovered 3 device(s): ['emulator-5554', 'emulator-5556', 'emulator-5558']
2025-06-17 09:59:48,776 - INFO - FarmDeviceExecutor - 🔍 Discovering connected devices...
2025-06-17 09:59:48,781 - INFO - FarmDeviceExecutor - 📱 Discovered 3 device(s): ['emulator-5554', 'emulator-5556', 'emulator-5558']
2025-06-17 09:59:58,792 - INFO - FarmDeviceExecutor - 🔍 Discovering connected devices...
2025-06-17 09:59:58,800 - INFO - FarmDeviceExecutor - 📱 Discovered 3 device(s): ['emulator-5554', 'emulator-5556', 'emulator-5558']
2025-06-17 10:00:08,802 - INFO - FarmDeviceExecutor - 🔍 Discovering connected devices...
2025-06-17 10:00:08,808 - INFO - FarmDeviceExecutor - 📱 Discovered 3 device(s): ['emulator-5554', 'emulator-5556', 'emulator-5558']
2025-06-17 10:00:18,819 - INFO - FarmDeviceExecutor - 🔍 Discovering connected devices...
2025-06-17 10:00:18,827 - INFO - FarmDeviceExecutor - 📱 Discovered 3 device(s): ['emulator-5554', 'emulator-5556', 'emulator-5558']
2025-06-17 10:00:28,829 - INFO - FarmDeviceExecutor - 🔍 Discovering connected devices...
2025-06-17 10:00:28,835 - INFO - FarmDeviceExecutor - 📱 Discovered 3 device(s): ['emulator-5554', 'emulator-5556', 'emulator-5558']
2025-06-17 10:00:38,837 - WARNING - FarmDeviceExecutor - ⚠️ emulator-5556: No activity for 65 seconds
2025-06-17 10:00:38,837 - WARNING - FarmDeviceExecutor - ⚠️ emulator-5558: No activity for 65 seconds
2025-06-17 10:00:38,838 - INFO - FarmDeviceExecutor - 🔍 Discovering connected devices...
2025-06-17 10:00:38,845 - INFO - FarmDeviceExecutor - 📱 Discovered 3 device(s): ['emulator-5554', 'emulator-5556', 'emulator-5558']
2025-06-17 10:00:48,848 - WARNING - FarmDeviceExecutor - ⚠️ emulator-5556: No activity for 75 seconds
2025-06-17 10:00:48,848 - WARNING - FarmDeviceExecutor - ⚠️ emulator-5558: No activity for 75 seconds
2025-06-17 10:00:48,848 - INFO - FarmDeviceExecutor - 🔍 Discovering connected devices...
2025-06-17 10:00:48,855 - INFO - FarmDeviceExecutor - 📱 Discovered 3 device(s): ['emulator-5554', 'emulator-5556', 'emulator-5558']
2025-06-17 10:00:58,866 - WARNING - FarmDeviceExecutor - ⚠️ emulator-5556: No activity for 85 seconds
2025-06-17 10:00:58,866 - WARNING - FarmDeviceExecutor - ⚠️ emulator-5558: No activity for 85 seconds
2025-06-17 10:00:58,866 - INFO - FarmDeviceExecutor - 🔍 Discovering connected devices...
2025-06-17 10:00:58,874 - INFO - FarmDeviceExecutor - 📱 Discovered 3 device(s): ['emulator-5554', 'emulator-5556', 'emulator-5558']
2025-06-17 10:01:08,875 - WARNING - FarmDeviceExecutor - ⚠️ emulator-5556: No activity for 95 seconds
2025-06-17 10:01:08,875 - WARNING - FarmDeviceExecutor - ⚠️ emulator-5558: No activity for 95 seconds
2025-06-17 10:01:08,876 - INFO - FarmDeviceExecutor - 🔍 Discovering connected devices...
2025-06-17 10:01:08,883 - INFO - FarmDeviceExecutor - 📱 Discovered 3 device(s): ['emulator-5554', 'emulator-5556', 'emulator-5558']
2025-06-17 10:01:18,894 - WARNING - FarmDeviceExecutor - ⚠️ emulator-5556: No activity for 106 seconds
2025-06-17 10:01:18,894 - WARNING - FarmDeviceExecutor - ⚠️ emulator-5558: No activity for 105 seconds
2025-06-17 10:01:18,894 - INFO - FarmDeviceExecutor - 🔍 Discovering connected devices...
2025-06-17 10:01:18,902 - INFO - FarmDeviceExecutor - 📱 Discovered 3 device(s): ['emulator-5554', 'emulator-5556', 'emulator-5558']
2025-06-17 10:01:28,904 - WARNING - FarmDeviceExecutor - ⚠️ emulator-5556: No activity for 116 seconds
2025-06-17 10:01:28,905 - WARNING - FarmDeviceExecutor - ⚠️ emulator-5558: No activity for 115 seconds
2025-06-17 10:01:28,905 - INFO - FarmDeviceExecutor - 🔍 Discovering connected devices...
2025-06-17 10:01:28,912 - INFO - FarmDeviceExecutor - 📱 Discovered 3 device(s): ['emulator-5554', 'emulator-5556', 'emulator-5558']
2025-06-17 10:01:38,914 - WARNING - FarmDeviceExecutor - ⚠️ emulator-5556: No activity for 126 seconds
2025-06-17 10:01:38,914 - WARNING - FarmDeviceExecutor - ⚠️ emulator-5558: No activity for 125 seconds
2025-06-17 10:01:38,914 - INFO - FarmDeviceExecutor - 🔍 Discovering connected devices...
2025-06-17 10:01:38,921 - INFO - FarmDeviceExecutor - 📱 Discovered 3 device(s): ['emulator-5554', 'emulator-5556', 'emulator-5558']
2025-06-17 10:01:48,923 - WARNING - FarmDeviceExecutor - ⚠️ emulator-5556: No activity for 136 seconds
2025-06-17 10:01:48,924 - WARNING - FarmDeviceExecutor - ⚠️ emulator-5558: No activity for 135 seconds
2025-06-17 10:01:48,924 - INFO - FarmDeviceExecutor - 🔍 Discovering connected devices...
2025-06-17 10:01:48,930 - INFO - FarmDeviceExecutor - 📱 Discovered 3 device(s): ['emulator-5554', 'emulator-5556', 'emulator-5558']
2025-06-17 10:01:58,937 - WARNING - FarmDeviceExecutor - ⚠️ emulator-5556: No activity for 146 seconds
2025-06-17 10:01:58,937 - WARNING - FarmDeviceExecutor - ⚠️ emulator-5558: No activity for 145 seconds
2025-06-17 10:01:58,938 - INFO - FarmDeviceExecutor - 🔍 Discovering connected devices...
2025-06-17 10:01:58,945 - INFO - FarmDeviceExecutor - 📱 Discovered 3 device(s): ['emulator-5554', 'emulator-5556', 'emulator-5558']
2025-06-17 10:02:08,948 - WARNING - FarmDeviceExecutor - ⚠️ emulator-5556: No activity for 156 seconds
2025-06-17 10:02:08,948 - WARNING - FarmDeviceExecutor - ⚠️ emulator-5558: No activity for 155 seconds
2025-06-17 10:02:08,948 - INFO - FarmDeviceExecutor - 🔍 Discovering connected devices...
2025-06-17 10:02:08,954 - INFO - FarmDeviceExecutor - 📱 Discovered 3 device(s): ['emulator-5554', 'emulator-5556', 'emulator-5558']
2025-06-17 10:02:18,965 - WARNING - FarmDeviceExecutor - ⚠️ emulator-5556: No activity for 166 seconds
2025-06-17 10:02:18,966 - WARNING - FarmDeviceExecutor - ⚠️ emulator-5558: No activity for 165 seconds
2025-06-17 10:02:18,966 - INFO - FarmDeviceExecutor - 🔍 Discovering connected devices...
2025-06-17 10:02:18,973 - INFO - FarmDeviceExecutor - 📱 Discovered 3 device(s): ['emulator-5554', 'emulator-5556', 'emulator-5558']
2025-06-17 10:02:28,975 - WARNING - FarmDeviceExecutor - ⚠️ emulator-5556: No activity for 176 seconds
2025-06-17 10:02:28,976 - WARNING - FarmDeviceExecutor - ⚠️ emulator-5558: No activity for 176 seconds
2025-06-17 10:02:28,976 - INFO - FarmDeviceExecutor - 🔍 Discovering connected devices...
2025-06-17 10:02:28,983 - INFO - FarmDeviceExecutor - 📱 Discovered 3 device(s): ['emulator-5554', 'emulator-5556', 'emulator-5558']
2025-06-17 10:02:38,984 - WARNING - FarmDeviceExecutor - ⚠️ emulator-5556: No activity for 186 seconds
2025-06-17 10:02:38,984 - WARNING - FarmDeviceExecutor - ⚠️ emulator-5558: No activity for 186 seconds
2025-06-17 10:02:38,985 - INFO - FarmDeviceExecutor - 🔍 Discovering connected devices...
2025-06-17 10:02:38,992 - INFO - FarmDeviceExecutor - 📱 Discovered 3 device(s): ['emulator-5554', 'emulator-5556', 'emulator-5558']
2025-06-17 10:02:48,994 - WARNING - FarmDeviceExecutor - ⚠️ emulator-5556: No activity for 196 seconds
2025-06-17 10:02:48,994 - WARNING - FarmDeviceExecutor - ⚠️ emulator-5558: No activity for 196 seconds
2025-06-17 10:02:48,994 - INFO - FarmDeviceExecutor - 🔍 Discovering connected devices...
2025-06-17 10:02:49,001 - INFO - FarmDeviceExecutor - 📱 Discovered 3 device(s): ['emulator-5554', 'emulator-5556', 'emulator-5558']
2025-06-17 10:02:59,012 - WARNING - FarmDeviceExecutor - ⚠️ emulator-5556: No activity for 206 seconds
2025-06-17 10:02:59,013 - WARNING - FarmDeviceExecutor - ⚠️ emulator-5558: No activity for 206 seconds
2025-06-17 10:02:59,013 - INFO - FarmDeviceExecutor - 🔍 Discovering connected devices...
2025-06-17 10:02:59,020 - INFO - FarmDeviceExecutor - 📱 Discovered 3 device(s): ['emulator-5554', 'emulator-5556', 'emulator-5558']
2025-06-17 10:03:09,022 - WARNING - FarmDeviceExecutor - ⚠️ emulator-5556: No activity for 216 seconds
2025-06-17 10:03:09,022 - WARNING - FarmDeviceExecutor - ⚠️ emulator-5558: No activity for 216 seconds
2025-06-17 10:03:09,023 - INFO - FarmDeviceExecutor - 🔍 Discovering connected devices...
2025-06-17 10:03:09,030 - INFO - FarmDeviceExecutor - 📱 Discovered 3 device(s): ['emulator-5554', 'emulator-5556', 'emulator-5558']
2025-06-17 10:03:19,041 - WARNING - FarmDeviceExecutor - ⚠️ emulator-5556: No activity for 226 seconds
2025-06-17 10:03:19,042 - WARNING - FarmDeviceExecutor - ⚠️ emulator-5558: No activity for 226 seconds
2025-06-17 10:03:19,043 - INFO - FarmDeviceExecutor - 🔍 Discovering connected devices...
2025-06-17 10:03:19,049 - INFO - FarmDeviceExecutor - 📱 Discovered 3 device(s): ['emulator-5554', 'emulator-5556', 'emulator-5558']
2025-06-17 10:03:29,050 - WARNING - FarmDeviceExecutor - ⚠️ emulator-5556: No activity for 236 seconds
2025-06-17 10:03:29,051 - WARNING - FarmDeviceExecutor - ⚠️ emulator-5558: No activity for 236 seconds
2025-06-17 10:03:29,051 - INFO - FarmDeviceExecutor - 🔍 Discovering connected devices...
2025-06-17 10:03:29,057 - INFO - FarmDeviceExecutor - 📱 Discovered 3 device(s): ['emulator-5554', 'emulator-5556', 'emulator-5558']
2025-06-17 10:03:39,059 - WARNING - FarmDeviceExecutor - ⚠️ emulator-5556: No activity for 246 seconds
2025-06-17 10:03:39,059 - WARNING - FarmDeviceExecutor - ⚠️ emulator-5558: No activity for 246 seconds
2025-06-17 10:03:39,059 - INFO - FarmDeviceExecutor - 🔍 Discovering connected devices...
2025-06-17 10:03:39,066 - INFO - FarmDeviceExecutor - 📱 Discovered 3 device(s): ['emulator-5554', 'emulator-5556', 'emulator-5558']
2025-06-17 10:03:49,068 - WARNING - FarmDeviceExecutor - ⚠️ emulator-5556: No activity for 256 seconds
2025-06-17 10:03:49,069 - WARNING - FarmDeviceExecutor - ⚠️ emulator-5558: No activity for 256 seconds
2025-06-17 10:03:49,069 - INFO - FarmDeviceExecutor - 🔍 Discovering connected devices...
2025-06-17 10:03:49,076 - INFO - FarmDeviceExecutor - 📱 Discovered 3 device(s): ['emulator-5554', 'emulator-5556', 'emulator-5558']
2025-06-17 10:03:59,086 - WARNING - FarmDeviceExecutor - ⚠️ emulator-5556: No activity for 266 seconds
2025-06-17 10:03:59,087 - WARNING - FarmDeviceExecutor - ⚠️ emulator-5558: No activity for 266 seconds
2025-06-17 10:03:59,087 - INFO - FarmDeviceExecutor - 🔍 Discovering connected devices...
2025-06-17 10:03:59,093 - INFO - FarmDeviceExecutor - 📱 Discovered 3 device(s): ['emulator-5554', 'emulator-5556', 'emulator-5558']
2025-06-17 10:04:09,095 - WARNING - FarmDeviceExecutor - ⚠️ emulator-5556: No activity for 276 seconds
2025-06-17 10:04:09,095 - WARNING - FarmDeviceExecutor - ⚠️ emulator-5558: No activity for 276 seconds
2025-06-17 10:04:09,096 - INFO - FarmDeviceExecutor - 🔍 Discovering connected devices...
2025-06-17 10:04:09,102 - INFO - FarmDeviceExecutor - 📱 Discovered 3 device(s): ['emulator-5554', 'emulator-5556', 'emulator-5558']
2025-06-17 10:04:19,103 - WARNING - FarmDeviceExecutor - ⚠️ emulator-5556: No activity for 286 seconds
2025-06-17 10:04:19,104 - WARNING - FarmDeviceExecutor - ⚠️ emulator-5558: No activity for 286 seconds
2025-06-17 10:04:19,104 - INFO - FarmDeviceExecutor - 🔍 Discovering connected devices...
2025-06-17 10:04:19,111 - INFO - FarmDeviceExecutor - 📱 Discovered 3 device(s): ['emulator-5554', 'emulator-5556', 'emulator-5558']
2025-06-17 10:04:29,113 - WARNING - FarmDeviceExecutor - ⚠️ emulator-5556: No activity for 296 seconds
2025-06-17 10:04:29,113 - WARNING - FarmDeviceExecutor - ⚠️ emulator-5558: No activity for 296 seconds
2025-06-17 10:04:29,113 - INFO - FarmDeviceExecutor - 🔍 Discovering connected devices...
2025-06-17 10:04:29,120 - INFO - FarmDeviceExecutor - 📱 Discovered 3 device(s): ['emulator-5554', 'emulator-5556', 'emulator-5558']
2025-06-17 10:04:39,122 - WARNING - FarmDeviceExecutor - ⚠️ emulator-5556: No activity for 306 seconds
2025-06-17 10:04:39,122 - WARNING - FarmDeviceExecutor - ⚠️ emulator-5558: No activity for 306 seconds
2025-06-17 10:04:39,123 - INFO - FarmDeviceExecutor - 🔍 Discovering connected devices...
2025-06-17 10:04:39,130 - INFO - FarmDeviceExecutor - 📱 Discovered 3 device(s): ['emulator-5554', 'emulator-5556', 'emulator-5558']
2025-06-17 10:04:49,133 - WARNING - FarmDeviceExecutor - ⚠️ emulator-5556: No activity for 316 seconds
2025-06-17 10:04:49,133 - WARNING - FarmDeviceExecutor - ⚠️ emulator-5558: No activity for 316 seconds
2025-06-17 10:04:49,133 - INFO - FarmDeviceExecutor - 🔍 Discovering connected devices...
2025-06-17 10:04:49,140 - INFO - FarmDeviceExecutor - 📱 Discovered 3 device(s): ['emulator-5554', 'emulator-5556', 'emulator-5558']
2025-06-17 10:04:59,151 - WARNING - FarmDeviceExecutor - ⚠️ emulator-5556: No activity for 326 seconds
2025-06-17 10:04:59,151 - WARNING - FarmDeviceExecutor - ⚠️ emulator-5558: No activity for 326 seconds
2025-06-17 10:04:59,151 - INFO - FarmDeviceExecutor - 🔍 Discovering connected devices...
2025-06-17 10:04:59,156 - INFO - FarmDeviceExecutor - 📱 Discovered 3 device(s): ['emulator-5554', 'emulator-5556', 'emulator-5558']
2025-06-17 10:05:09,157 - WARNING - FarmDeviceExecutor - ⚠️ emulator-5556: No activity for 336 seconds
2025-06-17 10:05:09,157 - WARNING - FarmDeviceExecutor - ⚠️ emulator-5558: No activity for 336 seconds
2025-06-17 10:05:09,157 - INFO - FarmDeviceExecutor - 🔍 Discovering connected devices...
2025-06-17 10:05:09,164 - INFO - FarmDeviceExecutor - 📱 Discovered 3 device(s): ['emulator-5554', 'emulator-5556', 'emulator-5558']
2025-06-17 10:05:19,175 - WARNING - FarmDeviceExecutor - ⚠️ emulator-5556: No activity for 346 seconds
2025-06-17 10:05:19,176 - WARNING - FarmDeviceExecutor - ⚠️ emulator-5558: No activity for 346 seconds
2025-06-17 10:05:19,176 - INFO - FarmDeviceExecutor - 🔍 Discovering connected devices...
2025-06-17 10:05:19,183 - INFO - FarmDeviceExecutor - 📱 Discovered 3 device(s): ['emulator-5554', 'emulator-5556', 'emulator-5558']
2025-06-17 10:05:29,185 - WARNING - FarmDeviceExecutor - ⚠️ emulator-5556: No activity for 356 seconds
2025-06-17 10:05:29,186 - WARNING - FarmDeviceExecutor - ⚠️ emulator-5558: No activity for 356 seconds
2025-06-17 10:05:29,186 - INFO - FarmDeviceExecutor - 🔍 Discovering connected devices...
2025-06-17 10:05:29,193 - INFO - FarmDeviceExecutor - 📱 Discovered 3 device(s): ['emulator-5554', 'emulator-5556', 'emulator-5558']
2025-06-17 10:05:39,195 - WARNING - FarmDeviceExecutor - ⚠️ emulator-5556: No activity for 366 seconds
2025-06-17 10:05:39,195 - WARNING - FarmDeviceExecutor - ⚠️ emulator-5558: No activity for 366 seconds
2025-06-17 10:05:39,195 - INFO - FarmDeviceExecutor - 🔍 Discovering connected devices...
2025-06-17 10:05:39,202 - INFO - FarmDeviceExecutor - 📱 Discovered 3 device(s): ['emulator-5554', 'emulator-5556', 'emulator-5558']
2025-06-17 10:05:49,204 - WARNING - FarmDeviceExecutor - ⚠️ emulator-5556: No activity for 376 seconds
2025-06-17 10:05:49,204 - WARNING - FarmDeviceExecutor - ⚠️ emulator-5558: No activity for 376 seconds
2025-06-17 10:05:49,204 - INFO - FarmDeviceExecutor - 🔍 Discovering connected devices...
2025-06-17 10:05:49,211 - INFO - FarmDeviceExecutor - 📱 Discovered 3 device(s): ['emulator-5554', 'emulator-5556', 'emulator-5558']
2025-06-17 10:05:59,222 - WARNING - FarmDeviceExecutor - ⚠️ emulator-5556: No activity for 386 seconds
2025-06-17 10:05:59,222 - WARNING - FarmDeviceExecutor - ⚠️ emulator-5558: No activity for 386 seconds
2025-06-17 10:05:59,222 - INFO - FarmDeviceExecutor - 🔍 Discovering connected devices...
2025-06-17 10:05:59,229 - INFO - FarmDeviceExecutor - 📱 Discovered 3 device(s): ['emulator-5554', 'emulator-5556', 'emulator-5558']
2025-06-17 10:06:09,230 - WARNING - FarmDeviceExecutor - ⚠️ emulator-5556: No activity for 396 seconds
2025-06-17 10:06:09,230 - WARNING - FarmDeviceExecutor - ⚠️ emulator-5558: No activity for 396 seconds
2025-06-17 10:06:09,230 - INFO - FarmDeviceExecutor - 🔍 Discovering connected devices...
2025-06-17 10:06:09,235 - INFO - FarmDeviceExecutor - 📱 Discovered 3 device(s): ['emulator-5554', 'emulator-5556', 'emulator-5558']
2025-06-17 10:06:11,829 - WARNING - FarmDeviceExecutor - 🔌 emulator-5556: Connection closed
2025-06-17 10:06:11,829 - INFO - FarmDeviceExecutor - ⏳ emulator-5556: Reconnecting in 5 seconds... (attempt 2)
2025-06-17 10:06:11,829 - WARNING - FarmDeviceExecutor - 🔌 emulator-5558: Connection closed
2025-06-17 10:06:11,829 - INFO - FarmDeviceExecutor - ⏳ emulator-5558: Reconnecting in 5 seconds... (attempt 2)
2025-06-17 11:33:45,445 - INFO - FarmDeviceExecutor - 🚀 Starting Farm Device Manager...
2025-06-17 11:33:45,445 - INFO - FarmDeviceExecutor - 🔍 Discovering connected devices...
2025-06-17 11:33:45,447 - INFO - FarmDeviceExecutor - 📱 Discovered 3 device(s): ['emulator-5554', 'emulator-5556', 'emulator-5558']
2025-06-17 11:33:54,096 - INFO - FarmDeviceExecutor - 🚀 Starting Farm Device Manager...
2025-06-17 11:33:54,096 - INFO - FarmDeviceExecutor - 🔍 Discovering connected devices...
2025-06-17 11:33:54,099 - INFO - FarmDeviceExecutor - 📱 Discovered 3 device(s): ['emulator-5554', 'emulator-5556', 'emulator-5558']
2025-06-17 11:33:54,099 - INFO - FarmDeviceExecutor - 🚫 Excluded master device from farm: emulator-5554
2025-06-17 11:33:54,178 - INFO - FarmDeviceExecutor - 📱 Device Info - emulator-5556: sdk_gphone_x86_64 (Android 11, 1440x3120)
2025-06-17 11:33:54,179 - INFO - FarmDeviceExecutor - 🔌 Connecting to central server (attempt 1/5)
2025-06-17 11:33:54,193 - INFO - FarmDeviceExecutor - ✅ Connected to central server: ws://127.0.0.1:8765/farm
2025-06-17 11:33:54,193 - INFO - FarmDeviceExecutor - 📤 Sent device info for emulator-5556: sdk_gphone_x86_64
2025-06-17 11:33:54,193 - INFO - FarmDeviceExecutor - 🤖 emulator-5556: Ready to receive actions
2025-06-17 11:33:54,232 - INFO - FarmDeviceExecutor - 📱 Device Info - emulator-5558: sdk_gphone_x86_64 (Android 11, 1440x3120)
2025-06-17 11:33:54,233 - INFO - FarmDeviceExecutor - 🎯 Managing 2 farm device(s)
2025-06-17 11:33:54,233 - INFO - FarmDeviceExecutor - 🔌 Connecting to central server (attempt 1/5)
2025-06-17 11:33:54,233 - INFO - FarmDeviceExecutor - 🔍 Discovering connected devices...
2025-06-17 11:33:54,234 - INFO - FarmDeviceExecutor - ✅ Connected to central server: ws://127.0.0.1:8765/farm
2025-06-17 11:33:54,235 - INFO - FarmDeviceExecutor - 📤 Sent device info for emulator-5558: sdk_gphone_x86_64
2025-06-17 11:33:54,235 - INFO - FarmDeviceExecutor - 🤖 emulator-5558: Ready to receive actions
2025-06-17 11:33:54,235 - INFO - FarmDeviceExecutor - 📱 Discovered 3 device(s): ['emulator-5554', 'emulator-5556', 'emulator-5558']
2025-06-17 11:34:04,245 - INFO - FarmDeviceExecutor - 🔍 Discovering connected devices...
2025-06-17 11:34:04,252 - INFO - FarmDeviceExecutor - 📱 Discovered 3 device(s): ['emulator-5554', 'emulator-5556', 'emulator-5558']
2025-06-17 11:34:14,253 - INFO - FarmDeviceExecutor - 🔍 Discovering connected devices...
2025-06-17 11:34:14,256 - INFO - FarmDeviceExecutor - 📱 Discovered 3 device(s): ['emulator-5554', 'emulator-5556', 'emulator-5558']
2025-06-17 11:34:22,555 - INFO - FarmDeviceExecutor - emulator-5556: Received action: {'action': 'master_resolution_update', 'resolution': {'width': 1080, 'height': 2400, 'input_x_max': 32767, 'input_y_max': 32767}}
2025-06-17 11:34:22,556 - INFO - FarmDeviceExecutor - emulator-5556: Received master resolution update: 1080x2400
2025-06-17 11:34:22,556 - INFO - FarmDeviceExecutor - emulator-5558: Received action: {'action': 'master_resolution_update', 'resolution': {'width': 1080, 'height': 2400, 'input_x_max': 32767, 'input_y_max': 32767}}
2025-06-17 11:34:22,556 - INFO - FarmDeviceExecutor - emulator-5558: Received master resolution update: 1080x2400
2025-06-17 11:34:22,639 - INFO - FarmDeviceExecutor - emulator-5556: Received action: {'action': 'tap_release', 'x': 21541, 'y': 25571, 'device_path': '/dev/input/event2'}
2025-06-17 11:34:22,640 - INFO - FarmDeviceExecutor - emulator-5558: Received action: {'action': 'tap_release', 'x': 21541, 'y': 25571, 'device_path': '/dev/input/event2'}
2025-06-17 11:34:23,458 - INFO - FarmDeviceExecutor - ✅ emulator-5556: Executed tap at (946, 2434)
2025-06-17 11:34:23,485 - INFO - FarmDeviceExecutor - ✅ emulator-5558: Executed tap at (946, 2434)
2025-06-17 11:34:24,257 - INFO - FarmDeviceExecutor - 🔍 Discovering connected devices...
2025-06-17 11:34:24,265 - INFO - FarmDeviceExecutor - 📱 Discovered 3 device(s): ['emulator-5554', 'emulator-5556', 'emulator-5558']
2025-06-17 11:34:34,267 - INFO - FarmDeviceExecutor - 🔍 Discovering connected devices...
2025-06-17 11:34:34,274 - INFO - FarmDeviceExecutor - 📱 Discovered 3 device(s): ['emulator-5554', 'emulator-5556', 'emulator-5558']
2025-06-17 11:34:44,285 - INFO - FarmDeviceExecutor - 🔍 Discovering connected devices...
2025-06-17 11:34:44,292 - INFO - FarmDeviceExecutor - 📱 Discovered 3 device(s): ['emulator-5554', 'emulator-5556', 'emulator-5558']
2025-06-17 11:34:54,293 - INFO - FarmDeviceExecutor - 🔍 Discovering connected devices...
2025-06-17 11:34:54,300 - INFO - FarmDeviceExecutor - 📱 Discovered 3 device(s): ['emulator-5554', 'emulator-5556', 'emulator-5558']
2025-06-17 11:35:04,311 - INFO - FarmDeviceExecutor - 🔍 Discovering connected devices...
2025-06-17 11:35:04,319 - INFO - FarmDeviceExecutor - 📱 Discovered 3 device(s): ['emulator-5554', 'emulator-5556', 'emulator-5558']
2025-06-17 11:35:14,320 - INFO - FarmDeviceExecutor - 🔍 Discovering connected devices...
2025-06-17 11:35:14,327 - INFO - FarmDeviceExecutor - 📱 Discovered 3 device(s): ['emulator-5554', 'emulator-5556', 'emulator-5558']
2025-06-17 11:35:24,329 - WARNING - FarmDeviceExecutor - ⚠️ emulator-5556: No activity for 60 seconds
2025-06-17 11:35:24,329 - WARNING - FarmDeviceExecutor - ⚠️ emulator-5558: No activity for 60 seconds
2025-06-17 11:35:24,329 - INFO - FarmDeviceExecutor - 🔍 Discovering connected devices...
2025-06-17 11:35:24,337 - INFO - FarmDeviceExecutor - 📱 Discovered 3 device(s): ['emulator-5554', 'emulator-5556', 'emulator-5558']
2025-06-17 11:35:34,337 - WARNING - FarmDeviceExecutor - ⚠️ emulator-5556: No activity for 70 seconds
2025-06-17 11:35:34,337 - WARNING - FarmDeviceExecutor - ⚠️ emulator-5558: No activity for 70 seconds
2025-06-17 11:35:34,338 - INFO - FarmDeviceExecutor - 🔍 Discovering connected devices...
2025-06-17 11:35:34,342 - INFO - FarmDeviceExecutor - 📱 Discovered 3 device(s): ['emulator-5554', 'emulator-5556', 'emulator-5558']
2025-06-17 11:35:44,353 - WARNING - FarmDeviceExecutor - ⚠️ emulator-5556: No activity for 80 seconds
2025-06-17 11:35:44,353 - WARNING - FarmDeviceExecutor - ⚠️ emulator-5558: No activity for 80 seconds
2025-06-17 11:35:44,353 - INFO - FarmDeviceExecutor - 🔍 Discovering connected devices...
2025-06-17 11:35:44,361 - INFO - FarmDeviceExecutor - 📱 Discovered 3 device(s): ['emulator-5554', 'emulator-5556', 'emulator-5558']
2025-06-17 12:13:15,464 - INFO - FarmDeviceExecutor - 🚀 Starting Farm Device Manager...
2025-06-17 12:13:15,464 - INFO - FarmDeviceExecutor - 🔍 Discovering connected devices...
2025-06-17 12:13:15,467 - INFO - FarmDeviceExecutor - 📱 Discovered 3 device(s): ['emulator-5554', 'emulator-5556', 'emulator-5558']
2025-06-17 12:13:15,467 - INFO - FarmDeviceExecutor - 🚫 Excluded master device from farm: emulator-5554
2025-06-17 12:13:15,530 - INFO - FarmDeviceExecutor - 📱 Device Info - emulator-5556: sdk_gphone_x86_64 (Android 11, 1440x3120)
2025-06-17 12:13:15,531 - INFO - FarmDeviceExecutor - 🔌 Connecting to central server (attempt 1/5)
2025-06-17 12:13:15,579 - INFO - FarmDeviceExecutor - ✅ Connected to central server: ws://127.0.0.1:8765/farm
2025-06-17 12:13:15,580 - INFO - FarmDeviceExecutor - 📤 Sent device info for emulator-5556: sdk_gphone_x86_64
2025-06-17 12:13:15,580 - INFO - FarmDeviceExecutor - 🤖 emulator-5556: Ready to receive actions
2025-06-17 12:13:15,622 - INFO - FarmDeviceExecutor - 📱 Device Info - emulator-5558: sdk_gphone_x86_64 (Android 11, 1440x3120)
2025-06-17 12:13:15,622 - INFO - FarmDeviceExecutor - 🎯 Managing 2 farm device(s)
2025-06-17 12:13:15,622 - INFO - FarmDeviceExecutor - 🔌 Connecting to central server (attempt 1/5)
2025-06-17 12:13:15,623 - INFO - FarmDeviceExecutor - 🔍 Discovering connected devices...
2025-06-17 12:13:15,626 - INFO - FarmDeviceExecutor - ✅ Connected to central server: ws://127.0.0.1:8765/farm
2025-06-17 12:13:15,627 - INFO - FarmDeviceExecutor - 📤 Sent device info for emulator-5558: sdk_gphone_x86_64
2025-06-17 12:13:15,627 - INFO - FarmDeviceExecutor - 🤖 emulator-5558: Ready to receive actions
2025-06-17 12:13:15,627 - INFO - FarmDeviceExecutor - 📱 Discovered 3 device(s): ['emulator-5554', 'emulator-5556', 'emulator-5558']
2025-06-17 12:13:25,637 - INFO - FarmDeviceExecutor - 🔍 Discovering connected devices...
2025-06-17 12:13:25,645 - INFO - FarmDeviceExecutor - 📱 Discovered 3 device(s): ['emulator-5554', 'emulator-5556', 'emulator-5558']
2025-06-17 12:13:29,857 - INFO - FarmDeviceExecutor - emulator-5556: Received action: {'action': 'master_resolution_update', 'resolution': {'width': 1080, 'height': 2400, 'input_x_max': 32767, 'input_y_max': 32767}}
2025-06-17 12:13:29,858 - INFO - FarmDeviceExecutor - emulator-5556: Received master resolution update: 1080x2400
2025-06-17 12:13:29,858 - INFO - FarmDeviceExecutor - emulator-5558: Received action: {'action': 'master_resolution_update', 'resolution': {'width': 1080, 'height': 2400, 'input_x_max': 32767, 'input_y_max': 32767}}
2025-06-17 12:13:29,858 - INFO - FarmDeviceExecutor - emulator-5558: Received master resolution update: 1080x2400
2025-06-17 12:13:29,932 - INFO - FarmDeviceExecutor - emulator-5556: Received action: {'action': 'tap_release', 'x': 16201, 'y': 31920, 'device_path': '/dev/input/event2'}
2025-06-17 12:13:29,933 - INFO - FarmDeviceExecutor - emulator-5558: Received action: {'action': 'tap_release', 'x': 16201, 'y': 31920, 'device_path': '/dev/input/event2'}
2025-06-17 12:13:31,120 - INFO - FarmDeviceExecutor - ✅ emulator-5558: Executed tap at (711, 3039)
2025-06-17 12:13:31,123 - INFO - FarmDeviceExecutor - ✅ emulator-5556: Executed tap at (711, 3039)
2025-06-17 12:13:34,627 - INFO - FarmDeviceExecutor - emulator-5556: Received action: {'action': 'tap_release', 'x': 25637, 'y': 31743, 'device_path': '/dev/input/event2'}
2025-06-17 12:13:34,629 - INFO - FarmDeviceExecutor - emulator-5558: Received action: {'action': 'tap_release', 'x': 25637, 'y': 31743, 'device_path': '/dev/input/event2'}
2025-06-17 12:13:35,335 - INFO - FarmDeviceExecutor - ✅ emulator-5558: Executed tap at (1126, 3022)
2025-06-17 12:13:35,650 - INFO - FarmDeviceExecutor - 🔍 Discovering connected devices...
2025-06-17 12:13:35,703 - INFO - FarmDeviceExecutor - 📱 Discovered 3 device(s): ['emulator-5554', 'emulator-5556', 'emulator-5558']
2025-06-17 12:13:35,790 - INFO - FarmDeviceExecutor - ✅ emulator-5556: Executed tap at (1126, 3022)
2025-06-17 12:13:37,908 - INFO - FarmDeviceExecutor - emulator-5556: Received action: {'action': 'tap_release', 'x': 1425, 'y': 15455, 'device_path': '/dev/input/event2'}
2025-06-17 12:13:37,910 - INFO - FarmDeviceExecutor - emulator-5558: Received action: {'action': 'tap_release', 'x': 1425, 'y': 15455, 'device_path': '/dev/input/event2'}
2025-06-17 12:13:38,545 - INFO - FarmDeviceExecutor - ✅ emulator-5556: Executed tap at (62, 1471)
2025-06-17 12:13:38,546 - INFO - FarmDeviceExecutor - ✅ emulator-5558: Executed tap at (62, 1471)
2025-06-17 12:13:39,666 - INFO - FarmDeviceExecutor - emulator-5556: Received action: {'action': 'tap_release', 'x': 22421, 'y': 25612, 'device_path': '/dev/input/event2'}
2025-06-17 12:13:39,667 - INFO - FarmDeviceExecutor - emulator-5558: Received action: {'action': 'tap_release', 'x': 22421, 'y': 25612, 'device_path': '/dev/input/event2'}
2025-06-17 12:13:40,348 - INFO - FarmDeviceExecutor - ✅ emulator-5556: Executed tap at (985, 2438)
2025-06-17 12:13:40,394 - INFO - FarmDeviceExecutor - ✅ emulator-5558: Executed tap at (985, 2438)
2025-06-17 12:13:45,705 - INFO - FarmDeviceExecutor - 🔍 Discovering connected devices...
2025-06-17 12:13:45,711 - INFO - FarmDeviceExecutor - 📱 Discovered 3 device(s): ['emulator-5554', 'emulator-5556', 'emulator-5558']
2025-06-17 12:13:55,713 - INFO - FarmDeviceExecutor - 🔍 Discovering connected devices...
2025-06-17 12:13:55,720 - INFO - FarmDeviceExecutor - 📱 Discovered 3 device(s): ['emulator-5554', 'emulator-5556', 'emulator-5558']
2025-06-17 12:14:02,575 - WARNING - FarmDeviceExecutor - 🔌 emulator-5556: Connection closed
2025-06-17 12:14:02,575 - INFO - FarmDeviceExecutor - ⏳ emulator-5556: Reconnecting in 5 seconds... (attempt 2)
2025-06-17 12:14:02,575 - WARNING - FarmDeviceExecutor - 🔌 emulator-5558: Connection closed
2025-06-17 12:14:02,575 - INFO - FarmDeviceExecutor - ⏳ emulator-5558: Reconnecting in 5 seconds... (attempt 2)
2025-06-17 12:14:05,724 - INFO - FarmDeviceExecutor - 🔍 Discovering connected devices...
2025-06-17 12:14:05,730 - INFO - FarmDeviceExecutor - 📱 Discovered 3 device(s): ['emulator-5554', 'emulator-5556', 'emulator-5558']
2025-06-17 12:14:07,578 - INFO - FarmDeviceExecutor - 🔌 Connecting to central server (attempt 1/5)
2025-06-17 12:14:07,578 - INFO - FarmDeviceExecutor - 🔌 Connecting to central server (attempt 1/5)
2025-06-17 12:14:07,580 - ERROR - FarmDeviceExecutor - ❌ Connection failed (attempt 1): [Errno 111] Connect call failed ('127.0.0.1', 8765)
2025-06-17 12:14:07,580 - INFO - FarmDeviceExecutor - ⏳ Retrying in 5 seconds...
2025-06-17 12:14:07,580 - ERROR - FarmDeviceExecutor - ❌ Connection failed (attempt 1): [Errno 111] Connect call failed ('127.0.0.1', 8765)
2025-06-17 12:14:07,580 - INFO - FarmDeviceExecutor - ⏳ Retrying in 5 seconds...
